<component name="libraryTable">
  <library name="junit:junit:4.7" type="repository">
    <properties maven-id="junit:junit:4.7" />
    <CLASSES>
      <root url="jar://$PROJECT_DIR$/lib/junit-4.7.jar!/" />
    </CLASSES>
    <JAVADOC />
    <SOURCES>
      <root url="jar://$PROJECT_DIR$/lib/junit-4.7-sources.jar!/" />
    </SOURCES>
  </library>
</component>